o:\dev_github\upload\zint-2.4.3\lpng\libpng-1.5.2\projects\vstudio\debug\libpng15.bsc
o:\dev_github\upload\zint-2.4.3\lpng\libpng-1.5.2\projects\vstudio\libpng\debug\libpng15.pch
o:\dev_github\upload\zint-2.4.3\lpng\libpng-1.5.2\projects\vstudio\libpng\debug\vc120.pdb
o:\dev_github\upload\zint-2.4.3\lpng\libpng-1.5.2\projects\vstudio\libpng\debug\png.sbr
o:\dev_github\upload\zint-2.4.3\lpng\libpng-1.5.2\projects\vstudio\libpng\debug\png.obj
o:\dev_github\upload\zint-2.4.3\lpng\libpng-1.5.2\projects\vstudio\libpng\debug\pngerror.sbr
o:\dev_github\upload\zint-2.4.3\lpng\libpng-1.5.2\projects\vstudio\libpng\debug\pngget.sbr
o:\dev_github\upload\zint-2.4.3\lpng\libpng-1.5.2\projects\vstudio\libpng\debug\pngmem.sbr
o:\dev_github\upload\zint-2.4.3\lpng\libpng-1.5.2\projects\vstudio\libpng\debug\pngpread.sbr
o:\dev_github\upload\zint-2.4.3\lpng\libpng-1.5.2\projects\vstudio\libpng\debug\pngread.sbr
o:\dev_github\upload\zint-2.4.3\lpng\libpng-1.5.2\projects\vstudio\libpng\debug\pngrio.sbr
o:\dev_github\upload\zint-2.4.3\lpng\libpng-1.5.2\projects\vstudio\libpng\debug\pngrtran.sbr
o:\dev_github\upload\zint-2.4.3\lpng\libpng-1.5.2\projects\vstudio\libpng\debug\pngrutil.sbr
o:\dev_github\upload\zint-2.4.3\lpng\libpng-1.5.2\projects\vstudio\libpng\debug\pngset.sbr
o:\dev_github\upload\zint-2.4.3\lpng\libpng-1.5.2\projects\vstudio\libpng\debug\pngtrans.sbr
o:\dev_github\upload\zint-2.4.3\lpng\libpng-1.5.2\projects\vstudio\libpng\debug\pngwio.sbr
o:\dev_github\upload\zint-2.4.3\lpng\libpng-1.5.2\projects\vstudio\libpng\debug\pngwrite.sbr
o:\dev_github\upload\zint-2.4.3\lpng\libpng-1.5.2\projects\vstudio\libpng\debug\pngwtran.sbr
o:\dev_github\upload\zint-2.4.3\lpng\libpng-1.5.2\projects\vstudio\libpng\debug\pngwutil.sbr
o:\dev_github\upload\zint-2.4.3\lpng\libpng-1.5.2\projects\vstudio\libpng\debug\pngwutil.obj
o:\dev_github\upload\zint-2.4.3\lpng\libpng-1.5.2\projects\vstudio\libpng\debug\pngwtran.obj
o:\dev_github\upload\zint-2.4.3\lpng\libpng-1.5.2\projects\vstudio\libpng\debug\pngwrite.obj
o:\dev_github\upload\zint-2.4.3\lpng\libpng-1.5.2\projects\vstudio\libpng\debug\pngwio.obj
o:\dev_github\upload\zint-2.4.3\lpng\libpng-1.5.2\projects\vstudio\libpng\debug\pngtrans.obj
o:\dev_github\upload\zint-2.4.3\lpng\libpng-1.5.2\projects\vstudio\libpng\debug\pngset.obj
o:\dev_github\upload\zint-2.4.3\lpng\libpng-1.5.2\projects\vstudio\libpng\debug\pngrutil.obj
o:\dev_github\upload\zint-2.4.3\lpng\libpng-1.5.2\projects\vstudio\libpng\debug\pngrtran.obj
o:\dev_github\upload\zint-2.4.3\lpng\libpng-1.5.2\projects\vstudio\libpng\debug\pngrio.obj
o:\dev_github\upload\zint-2.4.3\lpng\libpng-1.5.2\projects\vstudio\libpng\debug\pngread.obj
o:\dev_github\upload\zint-2.4.3\lpng\libpng-1.5.2\projects\vstudio\libpng\debug\pngpread.obj
o:\dev_github\upload\zint-2.4.3\lpng\libpng-1.5.2\projects\vstudio\libpng\debug\pngmem.obj
o:\dev_github\upload\zint-2.4.3\lpng\libpng-1.5.2\projects\vstudio\libpng\debug\pngget.obj
o:\dev_github\upload\zint-2.4.3\lpng\libpng-1.5.2\projects\vstudio\libpng\debug\pngerror.obj
o:\dev_github\upload\zint-2.4.3\lpng\libpng-1.5.2\projects\vstudio\debug\libpng15.lib
o:\dev_github\upload\zint-2.4.3\lpng\libpng-1.5.2\projects\vstudio\debug\libpng15.exp
o:\dev_github\upload\zint-2.4.3\lpng\libpng-1.5.2\projects\vstudio\debug\libpng15.dll
o:\dev_github\upload\zint-2.4.3\lpng\libpng-1.5.2\projects\vstudio\debug\libpng15.pdb
o:\dev_github\upload\zint-2.4.3\lpng\libpng-1.5.2\projects\vstudio\libpng\debug\pngwin.res
o:\dev_github\upload\zint-2.4.3\lpng\libpng-1.5.2\projects\vstudio\libpng\debug\libpng.tlog\bscmake.command.1.tlog
o:\dev_github\upload\zint-2.4.3\lpng\libpng-1.5.2\projects\vstudio\libpng\debug\libpng.tlog\bscmake.read.1.tlog
o:\dev_github\upload\zint-2.4.3\lpng\libpng-1.5.2\projects\vstudio\libpng\debug\libpng.tlog\bscmake.write.1.tlog
o:\dev_github\upload\zint-2.4.3\lpng\libpng-1.5.2\projects\vstudio\libpng\debug\libpng.tlog\cl.command.1.tlog
o:\dev_github\upload\zint-2.4.3\lpng\libpng-1.5.2\projects\vstudio\libpng\debug\libpng.tlog\cl.read.1.tlog
o:\dev_github\upload\zint-2.4.3\lpng\libpng-1.5.2\projects\vstudio\libpng\debug\libpng.tlog\cl.write.1.tlog
o:\dev_github\upload\zint-2.4.3\lpng\libpng-1.5.2\projects\vstudio\libpng\debug\libpng.tlog\libpng.write.1u.tlog
o:\dev_github\upload\zint-2.4.3\lpng\libpng-1.5.2\projects\vstudio\libpng\debug\libpng.tlog\link.command.1.tlog
o:\dev_github\upload\zint-2.4.3\lpng\libpng-1.5.2\projects\vstudio\libpng\debug\libpng.tlog\link.read.1.tlog
o:\dev_github\upload\zint-2.4.3\lpng\libpng-1.5.2\projects\vstudio\libpng\debug\libpng.tlog\link.write.1.tlog
o:\dev_github\upload\zint-2.4.3\lpng\libpng-1.5.2\projects\vstudio\libpng\debug\libpng.tlog\rc.command.1.tlog
o:\dev_github\upload\zint-2.4.3\lpng\libpng-1.5.2\projects\vstudio\libpng\debug\libpng.tlog\rc.read.1.tlog
o:\dev_github\upload\zint-2.4.3\lpng\libpng-1.5.2\projects\vstudio\libpng\debug\libpng.tlog\rc.write.1.tlog
