Build started 2016/5/6 下午 03:16:16.
     1>Project "O:\DEV_GitHub\Upload\zint-2.4.3\zint-2.4.3\win32\vcx\libpng.vcxproj" on node 2 (Rebuild target(s)).
     1>C:\Program Files (x86)\MSBuild\Microsoft.Cpp\v4.0\V120\Microsoft.CppBuild.targets(388,5): warning MSB8028: The intermediate directory (Debug\Tmp\) contains files shared from another project (zlib.vcxproj).  This can lead to incorrect clean and rebuild behavior.
     1>ClCompile:
         C:\Program Files (x86)\Microsoft Visual Studio 12.0\VC\bin\CL.exe /c /I..\..\..\zlib125 /I..\..\..\lpng\lpng152\scripts /ZI /nologo /W4 /WX /Od /Oi /Oy- /D WIN32 /D _DEBUG /D _USRDLL /D PNG_BUILD_DLL /D ZLIB_DLL /D _WINDLL /GF- /Gm- /RTC1 /MDd /GS /Gy /fp:precise /fp:except- /Zc:wchar_t- /Zc:forScope /Fo"Debug\Tmp\\" /Fd"Debug\Tmp\vc120.pdb" /Gd /TC /wd4996 /wd4127 /analyze- /errorReport:prompt ..\..\..\lpng\lpng152\png.c ..\..\..\lpng\lpng152\pngerror.c ..\..\..\lpng\lpng152\pngget.c ..\..\..\lpng\lpng152\pngmem.c ..\..\..\lpng\lpng152\pngpread.c ..\..\..\lpng\lpng152\pngread.c ..\..\..\lpng\lpng152\pngrio.c ..\..\..\lpng\lpng152\pngrtran.c ..\..\..\lpng\lpng152\pngrutil.c ..\..\..\lpng\lpng152\pngset.c ..\..\..\lpng\lpng152\pngtrans.c ..\..\..\lpng\lpng152\pngwio.c ..\..\..\lpng\lpng152\pngwrite.c ..\..\..\lpng\lpng152\pngwtran.c ..\..\..\lpng\lpng152\pngwutil.c
         png.c
         pngerror.c
         pngget.c
         pngmem.c
         pngpread.c
         pngread.c
         pngrio.c
         pngrtran.c
         pngrutil.c
         pngset.c
         pngtrans.c
         pngwio.c
         pngwrite.c
         pngwtran.c
         pngwutil.c
         Generating Code...
       ResourceCompile:
         C:\Program Files (x86)\Windows Kits\8.1\bin\x86\rc.exe /l"0x0409" /nologo /fo"Debug\Tmp\pngwin.res" ..\..\..\lpng\lpng152\scripts\pngwin.rc 
       Link:
         C:\Program Files (x86)\Microsoft Visual Studio 12.0\VC\bin\link.exe /ERRORREPORT:PROMPT /OUT:"Debug\libpng15d.dll" /VERSION:"1.52" /INCREMENTAL /NOLOGO /LIBPATH:Debug\ zlib125d.dll.lib /DEF:"..\..\..\lpng\lpng152\scripts\pngwin.def" /MANIFEST /MANIFESTUAC:"level='asInvoker' uiAccess='false'" /manifest:embed /DEBUG /PDB:"Debug\libpng15d.pdb" /SUBSYSTEM:CONSOLE /TLBID:1 /DYNAMICBASE:NO /NXCOMPAT:NO /IMPLIB:"Debug\libpng15d.dll.lib" /MACHINE:X86 /SAFESEH /DLL Debug\Tmp\pngwin.res
         Debug\Tmp\png.obj
         Debug\Tmp\pngerror.obj
         Debug\Tmp\pngget.obj
         Debug\Tmp\pngmem.obj
         Debug\Tmp\pngpread.obj
         Debug\Tmp\pngread.obj
         Debug\Tmp\pngrio.obj
         Debug\Tmp\pngrtran.obj
         Debug\Tmp\pngrutil.obj
         Debug\Tmp\pngset.obj
         Debug\Tmp\pngtrans.obj
         Debug\Tmp\pngwio.obj
         Debug\Tmp\pngwrite.obj
         Debug\Tmp\pngwtran.obj
         Debug\Tmp\pngwutil.obj
     1>png.obj : warning LNK4075: ignoring '/EDITANDCONTINUE' due to '/SAFESEH' specification
     1>LINK : fatal error LNK1104: cannot open file '..\..\..\lpng\lpng152\scripts\pngwin.def'
     1>Done Building Project "O:\DEV_GitHub\Upload\zint-2.4.3\zint-2.4.3\win32\vcx\libpng.vcxproj" (Rebuild target(s)) -- FAILED.

Build FAILED.

Time Elapsed 00:00:03.43
