o:\dev_github\upload\zint-2.4.3\zint-2.4.3\win32\vcx\debug\tmp\vc120.pdb
o:\dev_github\upload\zint-2.4.3\zint-2.4.3\win32\vcx\debug\tmp\vc120.idb
o:\dev_github\upload\zint-2.4.3\zint-2.4.3\win32\vcx\debug\tmp\getopt.obj
o:\dev_github\upload\zint-2.4.3\zint-2.4.3\win32\vcx\debug\tmp\getopt1.obj
o:\dev_github\upload\zint-2.4.3\zint-2.4.3\win32\vcx\debug\tmp\main.obj
o:\dev_github\upload\zint-2.4.3\zint-2.4.3\win32\vcx\debug\zint.ilk
o:\dev_github\upload\zint-2.4.3\zint-2.4.3\win32\vcx\debug\zint.exe
o:\dev_github\upload\zint-2.4.3\zint-2.4.3\win32\vcx\debug\zint.pdb
o:\dev_github\upload\zint-2.4.3\zint-2.4.3\win32\vcx\debug\tmp\zint.res
o:\dev_github\upload\zint-2.4.3\zint-2.4.3\win32\vcx\debug\tmp\2of5.obj
o:\dev_github\upload\zint-2.4.3\zint-2.4.3\win32\vcx\debug\tmp\auspost.obj
o:\dev_github\upload\zint-2.4.3\zint-2.4.3\win32\vcx\debug\tmp\aztec.obj
o:\dev_github\upload\zint-2.4.3\zint-2.4.3\win32\vcx\debug\tmp\code.obj
o:\dev_github\upload\zint-2.4.3\zint-2.4.3\win32\vcx\debug\tmp\code1.obj
o:\dev_github\upload\zint-2.4.3\zint-2.4.3\win32\vcx\debug\tmp\code128.obj
o:\dev_github\upload\zint-2.4.3\zint-2.4.3\win32\vcx\debug\tmp\code16k.obj
o:\dev_github\upload\zint-2.4.3\zint-2.4.3\win32\vcx\debug\tmp\code49.obj
o:\dev_github\upload\zint-2.4.3\zint-2.4.3\win32\vcx\debug\tmp\common.obj
o:\dev_github\upload\zint-2.4.3\zint-2.4.3\win32\vcx\debug\tmp\composite.obj
o:\dev_github\upload\zint-2.4.3\zint-2.4.3\win32\vcx\debug\tmp\dllversion.obj
o:\dev_github\upload\zint-2.4.3\zint-2.4.3\win32\vcx\debug\tmp\dmatrix.obj
o:\dev_github\upload\zint-2.4.3\zint-2.4.3\win32\vcx\debug\tmp\gridmtx.obj
o:\dev_github\upload\zint-2.4.3\zint-2.4.3\win32\vcx\debug\tmp\gs1.obj
o:\dev_github\upload\zint-2.4.3\zint-2.4.3\win32\vcx\debug\tmp\imail.obj
o:\dev_github\upload\zint-2.4.3\zint-2.4.3\win32\vcx\debug\tmp\large.obj
o:\dev_github\upload\zint-2.4.3\zint-2.4.3\win32\vcx\debug\tmp\library.obj
o:\dev_github\upload\zint-2.4.3\zint-2.4.3\win32\vcx\debug\tmp\maxicode.obj
o:\dev_github\upload\zint-2.4.3\zint-2.4.3\win32\vcx\debug\tmp\medical.obj
o:\dev_github\upload\zint-2.4.3\zint-2.4.3\win32\vcx\debug\tmp\pdf417.obj
o:\dev_github\upload\zint-2.4.3\zint-2.4.3\win32\vcx\debug\tmp\plessey.obj
o:\dev_github\upload\zint-2.4.3\zint-2.4.3\win32\vcx\debug\tmp\png.obj
o:\dev_github\upload\zint-2.4.3\zint-2.4.3\win32\vcx\debug\tmp\postal.obj
o:\dev_github\upload\zint-2.4.3\zint-2.4.3\win32\vcx\debug\tmp\ps.obj
o:\dev_github\upload\zint-2.4.3\zint-2.4.3\win32\vcx\debug\tmp\qr.obj
o:\dev_github\upload\zint-2.4.3\zint-2.4.3\win32\vcx\debug\tmp\reedsol.obj
o:\dev_github\upload\zint-2.4.3\zint-2.4.3\win32\vcx\debug\tmp\render.obj
o:\dev_github\upload\zint-2.4.3\zint-2.4.3\win32\vcx\debug\tmp\rss.obj
o:\dev_github\upload\zint-2.4.3\zint-2.4.3\win32\vcx\debug\tmp\svg.obj
o:\dev_github\upload\zint-2.4.3\zint-2.4.3\win32\vcx\debug\tmp\telepen.obj
o:\dev_github\upload\zint-2.4.3\zint-2.4.3\win32\vcx\debug\tmp\upcean.obj
o:\dev_github\upload\zint-2.4.3\zint-2.4.3\win32\vcx\debug\tmp\libzint.res
o:\dev_github\upload\zint-2.4.3\zint-2.4.3\win32\vcx\debug\tmp\zint.tlog\cl.command.1.tlog
o:\dev_github\upload\zint-2.4.3\zint-2.4.3\win32\vcx\debug\tmp\zint.tlog\cl.read.1.tlog
o:\dev_github\upload\zint-2.4.3\zint-2.4.3\win32\vcx\debug\tmp\zint.tlog\cl.write.1.tlog
o:\dev_github\upload\zint-2.4.3\zint-2.4.3\win32\vcx\debug\tmp\zint.tlog\link.command.1.tlog
o:\dev_github\upload\zint-2.4.3\zint-2.4.3\win32\vcx\debug\tmp\zint.tlog\link.read.1.tlog
o:\dev_github\upload\zint-2.4.3\zint-2.4.3\win32\vcx\debug\tmp\zint.tlog\link.write.1.tlog
o:\dev_github\upload\zint-2.4.3\zint-2.4.3\win32\vcx\debug\tmp\zint.tlog\rc.command.1.tlog
o:\dev_github\upload\zint-2.4.3\zint-2.4.3\win32\vcx\debug\tmp\zint.tlog\rc.read.1.tlog
o:\dev_github\upload\zint-2.4.3\zint-2.4.3\win32\vcx\debug\tmp\zint.tlog\rc.write.1.tlog
