Build started 2016/5/6 下午 03:12:55.
     1>Project "O:\DEV_GitHub\Upload\zint-2.4.3\zint-2.4.3\win32\vcx\zlib.vcxproj" on node 2 (Rebuild target(s)).
     1>ClCompile:
         C:\Program Files (x86)\Microsoft Visual Studio 12.0\VC\bin\CL.exe /c /Zi /nologo /W1 /WX- /Od /Oy- /D WIN32 /D _DEBUG /D _CRT_SECURE_NO_WARNINGS /D _CRT_NONSTDC_NO_WARNINGS /D _USRDLL /D ZLIB_DLL /D _WINDLL /Gm- /EHsc /MDd /GS /fp:precise /Zc:wchar_t /Zc:forScope /Fo"Debug\Tmp\\" /Fd"Debug\Tmp\vc120.pdb" /FR"Debug\Tmp\\" /Gd /TC /analyze- /errorReport:prompt ..\..\..\zlib125\adler32.c ..\..\..\zlib125\compress.c ..\..\..\zlib125\crc32.c ..\..\..\zlib125\deflate.c ..\..\..\zlib125\gzclose.c ..\..\..\zlib125\gzlib.c ..\..\..\zlib125\gzread.c ..\..\..\zlib125\gzwrite.c ..\..\..\zlib125\infback.c ..\..\..\zlib125\inffast.c ..\..\..\zlib125\inflate.c ..\..\..\zlib125\inftrees.c ..\..\..\zlib125\trees.c ..\..\..\zlib125\uncompr.c ..\..\..\zlib125\zutil.c
         adler32.c
         compress.c
         crc32.c
         deflate.c
         gzclose.c
         gzlib.c
         gzread.c
         gzwrite.c
         infback.c
         inffast.c
         inflate.c
         inftrees.c
         trees.c
         uncompr.c
         zutil.c
         Generating Code...
       ResourceCompile:
         C:\Program Files (x86)\Windows Kits\8.1\bin\x86\rc.exe /l"0x0409" /nologo /fo"Debug\Tmp\zlib1.res" ..\..\..\zlib125\win32\zlib1.rc 
       Link:
         C:\Program Files (x86)\Microsoft Visual Studio 12.0\VC\bin\link.exe /ERRORREPORT:PROMPT /OUT:"Debug\zlib125d.dll" /NOLOGO /DEF:"..\..\..\zlib125\win32\zlib.def" /MANIFEST /MANIFESTUAC:"level='asInvoker' uiAccess='false'" /manifest:embed /DEBUG /PDB:"Debug\zlib125d.pdb" /SUBSYSTEM:CONSOLE /TLBID:1 /DYNAMICBASE /NXCOMPAT /IMPLIB:"Debug\zlib125d.dll.lib" /MACHINE:X86 /SAFESEH /DLL Debug\Tmp\zlib1.res
         Debug\Tmp\adler32.obj
         Debug\Tmp\compress.obj
         Debug\Tmp\crc32.obj
         Debug\Tmp\deflate.obj
         Debug\Tmp\gzclose.obj
         Debug\Tmp\gzlib.obj
         Debug\Tmp\gzread.obj
         Debug\Tmp\gzwrite.obj
         Debug\Tmp\infback.obj
         Debug\Tmp\inffast.obj
         Debug\Tmp\inflate.obj
         Debug\Tmp\inftrees.obj
         Debug\Tmp\trees.obj
         Debug\Tmp\uncompr.obj
         Debug\Tmp\zutil.obj
            Creating library Debug\zlib125d.dll.lib and object Debug\zlib125d.dll.exp
         zlib.vcxproj -> O:\DEV_GitHub\Upload\zint-2.4.3\zint-2.4.3\win32\vcx\Debug\zlib125d.dll
       BscMake:
         C:\Program Files (x86)\Microsoft Visual Studio 12.0\VC\bin\bscmake.exe /nologo /o"Debug\zlib125d.bsc" Debug\Tmp\adler32.sbr Debug\Tmp\compress.sbr Debug\Tmp\crc32.sbr Debug\Tmp\deflate.sbr Debug\Tmp\gzclose.sbr Debug\Tmp\gzlib.sbr Debug\Tmp\gzread.sbr Debug\Tmp\gzwrite.sbr Debug\Tmp\infback.sbr Debug\Tmp\inffast.sbr Debug\Tmp\inflate.sbr Debug\Tmp\inftrees.sbr Debug\Tmp\trees.sbr Debug\Tmp\uncompr.sbr Debug\Tmp\zutil.sbr
     1>Done Building Project "O:\DEV_GitHub\Upload\zint-2.4.3\zint-2.4.3\win32\vcx\zlib.vcxproj" (Rebuild target(s)).

Build succeeded.

Time Elapsed 00:00:00.72
