o:\dev_github\upload\zint-2.4.3\lpng\libpng-1.5.2\projects\vstudio\debug\zlib.bsc
o:\dev_github\upload\zint-2.4.3\lpng\libpng-1.5.2\projects\vstudio\zlib\debug\vc120.pdb
o:\dev_github\upload\zint-2.4.3\lpng\libpng-1.5.2\projects\vstudio\zlib\debug\adler32.sbr
o:\dev_github\upload\zint-2.4.3\lpng\libpng-1.5.2\projects\vstudio\zlib\debug\compress.sbr
o:\dev_github\upload\zint-2.4.3\lpng\libpng-1.5.2\projects\vstudio\zlib\debug\crc32.sbr
o:\dev_github\upload\zint-2.4.3\lpng\libpng-1.5.2\projects\vstudio\zlib\debug\deflate.sbr
o:\dev_github\upload\zint-2.4.3\lpng\libpng-1.5.2\projects\vstudio\zlib\debug\infback.sbr
o:\dev_github\upload\zint-2.4.3\lpng\libpng-1.5.2\projects\vstudio\zlib\debug\inffast.sbr
o:\dev_github\upload\zint-2.4.3\lpng\libpng-1.5.2\projects\vstudio\zlib\debug\inflate.sbr
o:\dev_github\upload\zint-2.4.3\lpng\libpng-1.5.2\projects\vstudio\zlib\debug\inftrees.sbr
o:\dev_github\upload\zint-2.4.3\lpng\libpng-1.5.2\projects\vstudio\zlib\debug\trees.sbr
o:\dev_github\upload\zint-2.4.3\lpng\libpng-1.5.2\projects\vstudio\zlib\debug\uncompr.sbr
o:\dev_github\upload\zint-2.4.3\lpng\libpng-1.5.2\projects\vstudio\zlib\debug\zutil.sbr
o:\dev_github\upload\zint-2.4.3\lpng\libpng-1.5.2\projects\vstudio\zlib\debug\zutil.obj
o:\dev_github\upload\zint-2.4.3\lpng\libpng-1.5.2\projects\vstudio\zlib\debug\uncompr.obj
o:\dev_github\upload\zint-2.4.3\lpng\libpng-1.5.2\projects\vstudio\zlib\debug\trees.obj
o:\dev_github\upload\zint-2.4.3\lpng\libpng-1.5.2\projects\vstudio\zlib\debug\inftrees.obj
o:\dev_github\upload\zint-2.4.3\lpng\libpng-1.5.2\projects\vstudio\zlib\debug\inflate.obj
o:\dev_github\upload\zint-2.4.3\lpng\libpng-1.5.2\projects\vstudio\zlib\debug\inffast.obj
o:\dev_github\upload\zint-2.4.3\lpng\libpng-1.5.2\projects\vstudio\zlib\debug\infback.obj
o:\dev_github\upload\zint-2.4.3\lpng\libpng-1.5.2\projects\vstudio\zlib\debug\deflate.obj
o:\dev_github\upload\zint-2.4.3\lpng\libpng-1.5.2\projects\vstudio\zlib\debug\crc32.obj
o:\dev_github\upload\zint-2.4.3\lpng\libpng-1.5.2\projects\vstudio\zlib\debug\compress.obj
o:\dev_github\upload\zint-2.4.3\lpng\libpng-1.5.2\projects\vstudio\zlib\debug\adler32.obj
o:\dev_github\upload\zint-2.4.3\lpng\libpng-1.5.2\projects\vstudio\debug\zlib.lib
o:\dev_github\upload\zint-2.4.3\lpng\libpng-1.5.2\projects\vstudio\zlib\debug\zlib.tlog\bscmake.command.1.tlog
o:\dev_github\upload\zint-2.4.3\lpng\libpng-1.5.2\projects\vstudio\zlib\debug\zlib.tlog\bscmake.read.1.tlog
o:\dev_github\upload\zint-2.4.3\lpng\libpng-1.5.2\projects\vstudio\zlib\debug\zlib.tlog\bscmake.write.1.tlog
o:\dev_github\upload\zint-2.4.3\lpng\libpng-1.5.2\projects\vstudio\zlib\debug\zlib.tlog\cl.command.1.tlog
o:\dev_github\upload\zint-2.4.3\lpng\libpng-1.5.2\projects\vstudio\zlib\debug\zlib.tlog\cl.read.1.tlog
o:\dev_github\upload\zint-2.4.3\lpng\libpng-1.5.2\projects\vstudio\zlib\debug\zlib.tlog\cl.write.1.tlog
o:\dev_github\upload\zint-2.4.3\lpng\libpng-1.5.2\projects\vstudio\zlib\debug\zlib.tlog\lib-link.read.1.tlog
o:\dev_github\upload\zint-2.4.3\lpng\libpng-1.5.2\projects\vstudio\zlib\debug\zlib.tlog\lib-link.write.1.tlog
o:\dev_github\upload\zint-2.4.3\lpng\libpng-1.5.2\projects\vstudio\zlib\debug\zlib.tlog\lib.command.1.tlog
