o:\dev_github\upload\zint-2.4.3\lpng\libpng-1.5.2\projects\vstudio\release\zlib.bsc
o:\dev_github\upload\zint-2.4.3\lpng\libpng-1.5.2\projects\vstudio\zlib\release\vc120.pdb
o:\dev_github\upload\zint-2.4.3\lpng\libpng-1.5.2\projects\vstudio\zlib\release\adler32.sbr
o:\dev_github\upload\zint-2.4.3\lpng\libpng-1.5.2\projects\vstudio\zlib\release\compress.sbr
o:\dev_github\upload\zint-2.4.3\lpng\libpng-1.5.2\projects\vstudio\zlib\release\crc32.sbr
o:\dev_github\upload\zint-2.4.3\lpng\libpng-1.5.2\projects\vstudio\zlib\release\deflate.sbr
o:\dev_github\upload\zint-2.4.3\lpng\libpng-1.5.2\projects\vstudio\zlib\release\infback.sbr
o:\dev_github\upload\zint-2.4.3\lpng\libpng-1.5.2\projects\vstudio\zlib\release\inffast.sbr
o:\dev_github\upload\zint-2.4.3\lpng\libpng-1.5.2\projects\vstudio\zlib\release\inflate.sbr
o:\dev_github\upload\zint-2.4.3\lpng\libpng-1.5.2\projects\vstudio\zlib\release\inftrees.sbr
o:\dev_github\upload\zint-2.4.3\lpng\libpng-1.5.2\projects\vstudio\zlib\release\trees.sbr
o:\dev_github\upload\zint-2.4.3\lpng\libpng-1.5.2\projects\vstudio\zlib\release\uncompr.sbr
o:\dev_github\upload\zint-2.4.3\lpng\libpng-1.5.2\projects\vstudio\zlib\release\zutil.sbr
o:\dev_github\upload\zint-2.4.3\lpng\libpng-1.5.2\projects\vstudio\zlib\release\zutil.obj
o:\dev_github\upload\zint-2.4.3\lpng\libpng-1.5.2\projects\vstudio\zlib\release\uncompr.obj
o:\dev_github\upload\zint-2.4.3\lpng\libpng-1.5.2\projects\vstudio\zlib\release\trees.obj
o:\dev_github\upload\zint-2.4.3\lpng\libpng-1.5.2\projects\vstudio\zlib\release\inftrees.obj
o:\dev_github\upload\zint-2.4.3\lpng\libpng-1.5.2\projects\vstudio\zlib\release\inflate.obj
o:\dev_github\upload\zint-2.4.3\lpng\libpng-1.5.2\projects\vstudio\zlib\release\inffast.obj
o:\dev_github\upload\zint-2.4.3\lpng\libpng-1.5.2\projects\vstudio\zlib\release\infback.obj
o:\dev_github\upload\zint-2.4.3\lpng\libpng-1.5.2\projects\vstudio\zlib\release\deflate.obj
o:\dev_github\upload\zint-2.4.3\lpng\libpng-1.5.2\projects\vstudio\zlib\release\crc32.obj
o:\dev_github\upload\zint-2.4.3\lpng\libpng-1.5.2\projects\vstudio\zlib\release\compress.obj
o:\dev_github\upload\zint-2.4.3\lpng\libpng-1.5.2\projects\vstudio\zlib\release\adler32.obj
o:\dev_github\upload\zint-2.4.3\lpng\libpng-1.5.2\projects\vstudio\release\zlib.lib
o:\dev_github\upload\zint-2.4.3\lpng\libpng-1.5.2\projects\vstudio\zlib\release\zlib.tlog\bscmake.command.1.tlog
o:\dev_github\upload\zint-2.4.3\lpng\libpng-1.5.2\projects\vstudio\zlib\release\zlib.tlog\bscmake.read.1.tlog
o:\dev_github\upload\zint-2.4.3\lpng\libpng-1.5.2\projects\vstudio\zlib\release\zlib.tlog\bscmake.write.1.tlog
o:\dev_github\upload\zint-2.4.3\lpng\libpng-1.5.2\projects\vstudio\zlib\release\zlib.tlog\cl.command.1.tlog
o:\dev_github\upload\zint-2.4.3\lpng\libpng-1.5.2\projects\vstudio\zlib\release\zlib.tlog\cl.read.1.tlog
o:\dev_github\upload\zint-2.4.3\lpng\libpng-1.5.2\projects\vstudio\zlib\release\zlib.tlog\cl.write.1.tlog
o:\dev_github\upload\zint-2.4.3\lpng\libpng-1.5.2\projects\vstudio\zlib\release\zlib.tlog\lib-link.read.1.tlog
o:\dev_github\upload\zint-2.4.3\lpng\libpng-1.5.2\projects\vstudio\zlib\release\zlib.tlog\lib-link.write.1.tlog
o:\dev_github\upload\zint-2.4.3\lpng\libpng-1.5.2\projects\vstudio\zlib\release\zlib.tlog\lib.command.1.tlog
