o:\dev_github\upload\zint-2.4.3\lpng\libpng-1.5.2\projects\vstudio\libpng\release\libpng15.pch
o:\dev_github\upload\zint-2.4.3\lpng\libpng-1.5.2\projects\vstudio\libpng\release\vc120.pdb
o:\dev_github\upload\zint-2.4.3\lpng\libpng-1.5.2\projects\vstudio\libpng\release\png.sbr
o:\dev_github\upload\zint-2.4.3\lpng\libpng-1.5.2\projects\vstudio\libpng\release\png.obj
o:\dev_github\upload\zint-2.4.3\lpng\libpng-1.5.2\projects\vstudio\libpng\release\pngerror.sbr
o:\dev_github\upload\zint-2.4.3\lpng\libpng-1.5.2\projects\vstudio\libpng\release\pngget.sbr
o:\dev_github\upload\zint-2.4.3\lpng\libpng-1.5.2\projects\vstudio\libpng\release\pngmem.sbr
o:\dev_github\upload\zint-2.4.3\lpng\libpng-1.5.2\projects\vstudio\libpng\release\pngpread.sbr
o:\dev_github\upload\zint-2.4.3\lpng\libpng-1.5.2\projects\vstudio\libpng\release\pngread.sbr
o:\dev_github\upload\zint-2.4.3\lpng\libpng-1.5.2\projects\vstudio\libpng\release\pngrio.sbr
o:\dev_github\upload\zint-2.4.3\lpng\libpng-1.5.2\projects\vstudio\libpng\release\pngrtran.sbr
o:\dev_github\upload\zint-2.4.3\lpng\libpng-1.5.2\projects\vstudio\libpng\release\pngrutil.sbr
o:\dev_github\upload\zint-2.4.3\lpng\libpng-1.5.2\projects\vstudio\libpng\release\pngset.sbr
o:\dev_github\upload\zint-2.4.3\lpng\libpng-1.5.2\projects\vstudio\libpng\release\pngtrans.sbr
o:\dev_github\upload\zint-2.4.3\lpng\libpng-1.5.2\projects\vstudio\libpng\release\pngwio.sbr
o:\dev_github\upload\zint-2.4.3\lpng\libpng-1.5.2\projects\vstudio\libpng\release\pngwrite.sbr
o:\dev_github\upload\zint-2.4.3\lpng\libpng-1.5.2\projects\vstudio\libpng\release\pngwtran.sbr
o:\dev_github\upload\zint-2.4.3\lpng\libpng-1.5.2\projects\vstudio\libpng\release\pngwutil.sbr
o:\dev_github\upload\zint-2.4.3\lpng\libpng-1.5.2\projects\vstudio\libpng\release\pngwutil.obj
o:\dev_github\upload\zint-2.4.3\lpng\libpng-1.5.2\projects\vstudio\libpng\release\pngwtran.obj
o:\dev_github\upload\zint-2.4.3\lpng\libpng-1.5.2\projects\vstudio\libpng\release\pngwrite.obj
o:\dev_github\upload\zint-2.4.3\lpng\libpng-1.5.2\projects\vstudio\libpng\release\pngwio.obj
o:\dev_github\upload\zint-2.4.3\lpng\libpng-1.5.2\projects\vstudio\libpng\release\pngtrans.obj
o:\dev_github\upload\zint-2.4.3\lpng\libpng-1.5.2\projects\vstudio\libpng\release\pngset.obj
o:\dev_github\upload\zint-2.4.3\lpng\libpng-1.5.2\projects\vstudio\libpng\release\pngrutil.obj
o:\dev_github\upload\zint-2.4.3\lpng\libpng-1.5.2\projects\vstudio\libpng\release\pngrtran.obj
o:\dev_github\upload\zint-2.4.3\lpng\libpng-1.5.2\projects\vstudio\libpng\release\pngrio.obj
o:\dev_github\upload\zint-2.4.3\lpng\libpng-1.5.2\projects\vstudio\libpng\release\pngread.obj
o:\dev_github\upload\zint-2.4.3\lpng\libpng-1.5.2\projects\vstudio\libpng\release\pngpread.obj
o:\dev_github\upload\zint-2.4.3\lpng\libpng-1.5.2\projects\vstudio\libpng\release\pngmem.obj
o:\dev_github\upload\zint-2.4.3\lpng\libpng-1.5.2\projects\vstudio\libpng\release\pngget.obj
o:\dev_github\upload\zint-2.4.3\lpng\libpng-1.5.2\projects\vstudio\libpng\release\pngerror.obj
o:\dev_github\upload\zint-2.4.3\lpng\libpng-1.5.2\projects\vstudio\libpng\release\pngwin.res
o:\dev_github\upload\zint-2.4.3\lpng\libpng-1.5.2\projects\vstudio\libpng\release\libpng.tlog\cl.command.1.tlog
o:\dev_github\upload\zint-2.4.3\lpng\libpng-1.5.2\projects\vstudio\libpng\release\libpng.tlog\cl.read.1.tlog
o:\dev_github\upload\zint-2.4.3\lpng\libpng-1.5.2\projects\vstudio\libpng\release\libpng.tlog\cl.write.1.tlog
o:\dev_github\upload\zint-2.4.3\lpng\libpng-1.5.2\projects\vstudio\libpng\release\libpng.tlog\link.command.1.tlog
o:\dev_github\upload\zint-2.4.3\lpng\libpng-1.5.2\projects\vstudio\libpng\release\libpng.tlog\link.read.1.tlog
o:\dev_github\upload\zint-2.4.3\lpng\libpng-1.5.2\projects\vstudio\libpng\release\libpng.tlog\link.read.5.tlog
o:\dev_github\upload\zint-2.4.3\lpng\libpng-1.5.2\projects\vstudio\libpng\release\libpng.tlog\link.write.1.tlog
o:\dev_github\upload\zint-2.4.3\lpng\libpng-1.5.2\projects\vstudio\libpng\release\libpng.tlog\rc.command.1.tlog
o:\dev_github\upload\zint-2.4.3\lpng\libpng-1.5.2\projects\vstudio\libpng\release\libpng.tlog\rc.read.1.tlog
o:\dev_github\upload\zint-2.4.3\lpng\libpng-1.5.2\projects\vstudio\libpng\release\libpng.tlog\rc.write.1.tlog
