Build started 2016/5/6 下午 03:47:34.
     1>Project "O:\DEV_GitHub\Upload\zint-2.4.3\lpng\libpng-1.5.2\projects\vstudio\libpng\libpng.vcxproj" on node 2 (Build target(s)).
     1>Link:
         C:\Program Files (x86)\Microsoft Visual Studio 12.0\VC\bin\link.exe /ERRORREPORT:PROMPT /OUT:"O:\DEV_GitHub\Upload\zint-2.4.3\lpng\libpng-1.5.2\projects\vstudio\Release\libpng15.dll" /VERSION:"15" /INCREMENTAL:NO /NOLOGO /LIBPATH:"O:\DEV_GitHub\Upload\zint-2.4.3\lpng\libpng-1.5.2\projects\vstudio\Release\\" zlib.lib /MANIFEST /MANIFESTUAC:"level='asInvoker' uiAccess='false'" /manifest:embed /DEBUG /PDB:"O:\DEV_GitHub\Upload\zint-2.4.3\lpng\libpng-1.5.2\projects\vstudio\Release\libpng15.pdb" /SUBSYSTEM:WINDOWS /OPT:REF /OPT:ICF /LTCG /TLBID:1 /DYNAMICBASE /NXCOMPAT /IMPLIB:"O:\DEV_GitHub\Upload\zint-2.4.3\lpng\libpng-1.5.2\projects\vstudio\Release\libpng15.lib" /MACHINE:X86 /SAFESEH /DLL Release\pngwin.res
         Release\png.obj
         Release\pngerror.obj
         Release\pngget.obj
         Release\pngmem.obj
         Release\pngpread.obj
         Release\pngread.obj
         Release\pngrio.obj
         Release\pngrtran.obj
         Release\pngrutil.obj
         Release\pngset.obj
         Release\pngtrans.obj
         Release\pngwio.obj
         Release\pngwrite.obj
         Release\pngwtran.obj
         Release\pngwutil.obj
            Creating library O:\DEV_GitHub\Upload\zint-2.4.3\lpng\libpng-1.5.2\projects\vstudio\Release\libpng15.lib and object O:\DEV_GitHub\Upload\zint-2.4.3\lpng\libpng-1.5.2\projects\vstudio\Release\libpng15.exp
         Generating code
     1>o:\dev_github\upload\zint-2.4.3\lpng\libpng-1.5.2\pngread.c(1393): error C2220: warning treated as error - no 'executable' file generated
     1>o:\dev_github\upload\zint-2.4.3\lpng\libpng-1.5.2\pngread.c(1393): warning C4701: potentially uninitialized local variable 'sig_bit' used
     1>o:\dev_github\upload\zint-2.4.3\lpng\libpng-1.5.2\pngread.c(1393): warning C4703: potentially uninitialized local pointer variable 'sig_bit' used
     1>LINK : fatal error LNK1257: code generation failed
     1>Done Building Project "O:\DEV_GitHub\Upload\zint-2.4.3\lpng\libpng-1.5.2\projects\vstudio\libpng\libpng.vcxproj" (Build target(s)) -- FAILED.

Build FAILED.

Time Elapsed 00:00:00.81
